<?xml version="1.0" encoding="UTF-8"?>
<testng-results skipped="0" failed="1" ignored="0" total="5" passed="4">
  <reporter-output>
  </reporter-output>
  <suite name="API" duration-ms="7985" started-at="2022-12-16T01:03:51 IST" finished-at="2022-12-16T01:03:59 IST">
    <groups>
    </groups>
    <test name="Test" duration-ms="7985" started-at="2022-12-16T01:03:51 IST" finished-at="2022-12-16T01:03:59 IST">
      <class name="testcases.TC005_Delete_Record">
        <test-method status="PASS" signature="setup()[pri:0, instance:testcases.TC005_Delete_Record@7085bdee]" name="setup" is-config="true" duration-ms="12" started-at="2022-12-16T01:03:51 IST" finished-at="2022-12-16T01:03:51 IST">
          <reporter-output>
          </reporter-output>
        </test-method> <!-- setup -->
        <test-method status="FAIL" signature="deleteuser()[pri:0, instance:testcases.TC005_Delete_Record@7085bdee]" name="deleteuser" duration-ms="6511" started-at="2022-12-16T01:03:51 IST" finished-at="2022-12-16T01:03:58 IST">
          <exception class="java.lang.AssertionError">
            <message>
              <![CDATA[expected [200] but found [404]]]>
            </message>
            <full-stacktrace>
              <![CDATA[java.lang.AssertionError: expected [200] but found [404]
at org.testng.Assert.fail(Assert.java:99)
at org.testng.Assert.failNotEquals(Assert.java:1037)
at org.testng.Assert.assertEqualsImpl(Assert.java:140)
at org.testng.Assert.assertEquals(Assert.java:122)
at org.testng.Assert.assertEquals(Assert.java:907)
at org.testng.Assert.assertEquals(Assert.java:917)
at testcases.TC005_Delete_Record.deleteuser(TC005_Delete_Record.java:37)
at sun.reflect.NativeMethodAccessorImpl.invoke0(Native Method)
at sun.reflect.NativeMethodAccessorImpl.invoke(NativeMethodAccessorImpl.java:62)
at sun.reflect.DelegatingMethodAccessorImpl.invoke(DelegatingMethodAccessorImpl.java:43)
at java.lang.reflect.Method.invoke(Method.java:498)
at org.testng.internal.MethodInvocationHelper.invokeMethod(MethodInvocationHelper.java:133)
at org.testng.internal.TestInvoker.invokeMethod(TestInvoker.java:598)
at org.testng.internal.TestInvoker.invokeTestMethod(TestInvoker.java:173)
at org.testng.internal.MethodRunner.runInSequence(MethodRunner.java:46)
at org.testng.internal.TestInvoker$MethodInvocationAgent.invoke(TestInvoker.java:824)
at org.testng.internal.TestInvoker.invokeTestMethods(TestInvoker.java:146)
at org.testng.internal.TestMethodWorker.invokeTestMethods(TestMethodWorker.java:146)
at org.testng.internal.TestMethodWorker.run(TestMethodWorker.java:128)
at java.util.ArrayList.forEach(ArrayList.java:1259)
at org.testng.TestRunner.privateRun(TestRunner.java:794)
at org.testng.TestRunner.run(TestRunner.java:596)
at org.testng.SuiteRunner.runTest(SuiteRunner.java:377)
at org.testng.SuiteRunner.runSequentially(SuiteRunner.java:371)
at org.testng.SuiteRunner.privateRun(SuiteRunner.java:332)
at org.testng.SuiteRunner.run(SuiteRunner.java:276)
at org.testng.SuiteRunnerWorker.runSuite(SuiteRunnerWorker.java:53)
at org.testng.SuiteRunnerWorker.run(SuiteRunnerWorker.java:96)
at org.testng.TestNG.runSuitesSequentially(TestNG.java:1212)
at org.testng.TestNG.runSuitesLocally(TestNG.java:1134)
at org.testng.TestNG.runSuites(TestNG.java:1063)
at org.testng.TestNG.run(TestNG.java:1031)
at org.apache.maven.surefire.testng.TestNGExecutor.run(TestNGExecutor.java:295)
at org.apache.maven.surefire.testng.TestNGXmlTestSuite.execute(TestNGXmlTestSuite.java:84)
at org.apache.maven.surefire.testng.TestNGProvider.invoke(TestNGProvider.java:90)
at org.apache.maven.surefire.booter.ForkedBooter.invokeProviderInSameClassLoader(ForkedBooter.java:203)
at org.apache.maven.surefire.booter.ForkedBooter.runSuitesInProcess(ForkedBooter.java:155)
at org.apache.maven.surefire.booter.ForkedBooter.main(ForkedBooter.java:103)
]]>
            </full-stacktrace>
          </exception> <!-- java.lang.AssertionError -->
          <reporter-output>
          </reporter-output>
        </test-method> <!-- deleteuser -->
      </class> <!-- testcases.TC005_Delete_Record -->
      <class name="testcases.TC002_Get_Single_user">
        <test-method status="PASS" signature="setup()[pri:0, instance:testcases.TC002_Get_Single_user@3f49dace]" name="setup" is-config="true" duration-ms="0" started-at="2022-12-16T01:03:59 IST" finished-at="2022-12-16T01:03:59 IST">
          <reporter-output>
          </reporter-output>
        </test-method> <!-- setup -->
        <test-method status="PASS" signature="getsingleuser()[pri:0, instance:testcases.TC002_Get_Single_user@3f49dace]" name="getsingleuser" duration-ms="53" started-at="2022-12-16T01:03:59 IST" finished-at="2022-12-16T01:03:59 IST">
          <reporter-output>
          </reporter-output>
        </test-method> <!-- getsingleuser -->
      </class> <!-- testcases.TC002_Get_Single_user -->
      <class name="testcases.TC001_Get_All_Users">
        <test-method status="PASS" signature="setup()[pri:0, instance:testcases.TC001_Get_All_Users@1e397ed7]" name="setup" is-config="true" duration-ms="0" started-at="2022-12-16T01:03:59 IST" finished-at="2022-12-16T01:03:59 IST">
          <reporter-output>
          </reporter-output>
        </test-method> <!-- setup -->
        <test-method status="PASS" signature="getAllUsers()[pri:0, instance:testcases.TC001_Get_All_Users@1e397ed7]" name="getAllUsers" duration-ms="68" started-at="2022-12-16T01:03:59 IST" finished-at="2022-12-16T01:03:59 IST">
          <reporter-output>
          </reporter-output>
        </test-method> <!-- getAllUsers -->
      </class> <!-- testcases.TC001_Get_All_Users -->
      <class name="testcases.TC003_Add_User">
        <test-method status="PASS" signature="setup()[pri:0, instance:testcases.TC003_Add_User@490ab905]" name="setup" is-config="true" duration-ms="2" started-at="2022-12-16T01:03:59 IST" finished-at="2022-12-16T01:03:59 IST">
          <reporter-output>
          </reporter-output>
        </test-method> <!-- setup -->
        <test-method status="PASS" signature="adduser()[pri:0, instance:testcases.TC003_Add_User@490ab905]" name="adduser" duration-ms="89" started-at="2022-12-16T01:03:59 IST" finished-at="2022-12-16T01:03:59 IST">
          <reporter-output>
          </reporter-output>
        </test-method> <!-- adduser -->
      </class> <!-- testcases.TC003_Add_User -->
      <class name="testcases.TC004_Update_User">
        <test-method status="PASS" signature="setup()[pri:0, instance:testcases.TC004_Update_User@31a5c39e]" name="setup" is-config="true" duration-ms="1" started-at="2022-12-16T01:03:58 IST" finished-at="2022-12-16T01:03:58 IST">
          <reporter-output>
          </reporter-output>
        </test-method> <!-- setup -->
        <test-method status="PASS" signature="updateuser()[pri:0, instance:testcases.TC004_Update_User@31a5c39e]" name="updateuser" duration-ms="1179" started-at="2022-12-16T01:03:58 IST" finished-at="2022-12-16T01:03:59 IST">
          <reporter-output>
          </reporter-output>
        </test-method> <!-- updateuser -->
      </class> <!-- testcases.TC004_Update_User -->
    </test> <!-- Test -->
  </suite> <!-- API -->
</testng-results>
